#! /c/Source/iverilog-install/bin/vvp
:ivl_version "12.0 (devel)" "(s20150603-1539-g2693dd32b)";
:ivl_delay_selection "TYPICAL";
:vpi_time_precision + 0;
:vpi_module "C:\iverilog\lib\ivl\system.vpi";
:vpi_module "C:\iverilog\lib\ivl\vhdl_sys.vpi";
:vpi_module "C:\iverilog\lib\ivl\vhdl_textio.vpi";
:vpi_module "C:\iverilog\lib\ivl\v2005_math.vpi";
:vpi_module "C:\iverilog\lib\ivl\va_math.vpi";
S_000001dfbd607f10 .scope module, "test" "test" 2 1;
 .timescale 0 0;
v000001dfbd6080a0_0 .var "A", 0 0;
v000001dfbd608140_0 .var "B", 0 0;
v000001dfbd4851c0_0 .net "Y", 0 0, L_000001dfbd452b20;  1 drivers
S_000001dfbd485030 .scope module, "uut" "and_gate" 2 5, 3 1 0, S_000001dfbd607f10;
 .timescale 0 0;
    .port_info 0 /INPUT 1 "A";
    .port_info 1 /INPUT 1 "B";
    .port_info 2 /OUTPUT 1 "Y";
L_000001dfbd452b20 .functor AND 1, v000001dfbd6080a0_0, v000001dfbd608140_0, C4<1>, C4<1>;
v000001dfbd452fa0_0 .net "A", 0 0, v000001dfbd6080a0_0;  1 drivers
v000001dfbd60ef20_0 .net "B", 0 0, v000001dfbd608140_0;  1 drivers
v000001dfbd4531c0_0 .net "Y", 0 0, L_000001dfbd452b20;  alias, 1 drivers
    .scope S_000001dfbd607f10;
T_0 ;
    %vpi_call 2 8 "$monitor", "A = %b, B = %b, Y = %b", v000001dfbd6080a0_0, v000001dfbd608140_0, v000001dfbd4851c0_0 {0 0 0};
    %pushi/vec4 0, 0, 1;
    %store/vec4 v000001dfbd6080a0_0, 0, 1;
    %pushi/vec4 0, 0, 1;
    %store/vec4 v000001dfbd608140_0, 0, 1;
    %delay 10, 0;
    %pushi/vec4 0, 0, 1;
    %store/vec4 v000001dfbd6080a0_0, 0, 1;
    %pushi/vec4 1, 0, 1;
    %store/vec4 v000001dfbd608140_0, 0, 1;
    %delay 10, 0;
    %pushi/vec4 1, 0, 1;
    %store/vec4 v000001dfbd6080a0_0, 0, 1;
    %pushi/vec4 0, 0, 1;
    %store/vec4 v000001dfbd608140_0, 0, 1;
    %delay 10, 0;
    %pushi/vec4 1, 0, 1;
    %store/vec4 v000001dfbd6080a0_0, 0, 1;
    %pushi/vec4 1, 0, 1;
    %store/vec4 v000001dfbd608140_0, 0, 1;
    %delay 10, 0;
    %vpi_call 2 15 "$finish" {0 0 0};
    %end;
    .thread T_0;
# The file index is used to find the file name in the following table.
:file_names 4;
    "N/A";
    "<interactive>";
    "and_test.v";
    "and_get.v";
