#! /c/Source/iverilog-install/bin/vvp
:ivl_version "12.0 (devel)" "(s20150603-1539-g2693dd32b)";
:ivl_delay_selection "TYPICAL";
:vpi_time_precision + 0;
:vpi_module "C:\iverilog\lib\ivl\system.vpi";
:vpi_module "C:\iverilog\lib\ivl\vhdl_sys.vpi";
:vpi_module "C:\iverilog\lib\ivl\vhdl_textio.vpi";
:vpi_module "C:\iverilog\lib\ivl\v2005_math.vpi";
:vpi_module "C:\iverilog\lib\ivl\va_math.vpi";
S_000001569a7856b0 .scope module, "test" "test" 2 1;
 .timescale 0 0;
v000001569a8d8b90_0 .var "clk", 0 0;
v000001569a7859d0_0 .net "count", 1 0, v000001569a752eb0_0;  1 drivers
v000001569a785a70_0 .var "rst", 0 0;
S_000001569a785840 .scope module, "uut" "counter" 2 5, 3 1 0, S_000001569a7856b0;
 .timescale 0 0;
    .port_info 0 /OUTPUT 2 "count";
    .port_info 1 /INPUT 1 "clk";
    .port_info 2 /INPUT 1 "rst";
v000001569a7530d0_0 .net "clk", 0 0, v000001569a8d8b90_0;  1 drivers
v000001569a752eb0_0 .var "count", 1 0;
v000001569a8d8af0_0 .net "rst", 0 0, v000001569a785a70_0;  1 drivers
E_000001569a8dc680 .event posedge, v000001569a8d8af0_0, v000001569a7530d0_0;
    .scope S_000001569a785840;
T_0 ;
    %wait E_000001569a8dc680;
    %load/vec4 v000001569a8d8af0_0;
    %flag_set/vec4 8;
    %jmp/0xz  T_0.0, 8;
    %pushi/vec4 0, 0, 2;
    %assign/vec4 v000001569a752eb0_0, 0;
    %jmp T_0.1;
T_0.0 ;
    %load/vec4 v000001569a752eb0_0;
    %addi 1, 0, 2;
    %assign/vec4 v000001569a752eb0_0, 0;
T_0.1 ;
    %jmp T_0;
    .thread T_0;
    .scope S_000001569a7856b0;
T_1 ;
    %vpi_call 2 8 "$monitor", "Time: %0t, Reset: %b, Count: %b", $time, v000001569a785a70_0, v000001569a7859d0_0 {0 0 0};
    %pushi/vec4 0, 0, 1;
    %store/vec4 v000001569a8d8b90_0, 0, 1;
    %pushi/vec4 1, 0, 1;
    %store/vec4 v000001569a785a70_0, 0, 1;
    %delay 5, 0;
    %pushi/vec4 0, 0, 1;
    %store/vec4 v000001569a785a70_0, 0, 1;
    %delay 5, 0;
    %pushi/vec4 5, 0, 32;
T_1.0 %dup/vec4;
    %pushi/vec4 0, 0, 32;
    %cmp/s;
    %jmp/1xz T_1.1, 5;
    %jmp/1 T_1.1, 4;
    %pushi/vec4 1, 0, 32;
    %sub;
    %pushi/vec4 1, 0, 1;
    %store/vec4 v000001569a8d8b90_0, 0, 1;
    %delay 5, 0;
    %pushi/vec4 0, 0, 1;
    %store/vec4 v000001569a8d8b90_0, 0, 1;
    %delay 5, 0;
    %jmp T_1.0;
T_1.1 ;
    %pop/vec4 1;
    %vpi_call 2 18 "$finish" {0 0 0};
    %end;
    .thread T_1;
# The file index is used to find the file name in the following table.
:file_names 4;
    "N/A";
    "<interactive>";
    "count_test.v";
    "counter_app.v";
